{
"contracts/SimpleStorage.sol":{"l":{"14":1,"18":1,"22":2},"path":"/Users/gianbattolla/Documents/solidity-projects/hardhat-simple-storage/contracts/SimpleStorage.sol","s":{"1":1,"2":1,"3":2},"b":{},"f":{"1":1,"2":1,"3":2},"fnMap":{"1":{"name":"store","line":13,"loc":{"start":{"line":13,"column":4},"end":{"line":15,"column":4}}},"2":{"name":"addPerson","line":17,"loc":{"start":{"line":17,"column":4},"end":{"line":19,"column":4}}},"3":{"name":"retrieve","line":21,"loc":{"start":{"line":21,"column":4},"end":{"line":23,"column":4}}}},"statementMap":{"1":{"start":{"line":14,"column":8},"end":{"line":14,"column":39}},"2":{"start":{"line":18,"column":8},"end":{"line":18,"column":50}},"3":{"start":{"line":22,"column":8},"end":{"line":22,"column":29}}},"branchMap":{}}}
